[debug] [2026-04-14T12:07:33.381Z] ----------------------------------------------------------------------
[debug] [2026-04-14T12:07:33.382Z] Command:       C:\nvm4w\nodejs\node.exe C:\nvm4w\nodejs\node_modules\firebase-tools\lib\bin\firebase.js init
[debug] [2026-04-14T12:07:33.383Z] CLI Version:   15.14.0
[debug] [2026-04-14T12:07:33.383Z] Platform:      win32
[debug] [2026-04-14T12:07:33.383Z] Node Version:  v20.20.1
[debug] [2026-04-14T12:07:33.383Z] Time:          Tue Apr 14 2026 13:07:33 GMT+0100 (West Africa Time)
[debug] [2026-04-14T12:07:33.383Z] ----------------------------------------------------------------------
[debug] 
[info] 
     ######## #### ########  ######## ########     ###     ######  ########
     ##        ##  ##     ## ##       ##     ##  ##   ##  ##       ##
     ######    ##  ########  ######   ########  #########  ######  ######
     ##        ##  ##    ##  ##       ##     ## ##     ##       ## ##
     ##       #### ##     ## ######## ########  ##     ##  ######  ########

You're about to initialize a Firebase project in this directory:

  C:\Users\User\Documents\Projects\admin-app

[info] 
=== Project Setup
[info] 
[info] First, let's associate this project directory with a Firebase project.
[info] You can create multiple project aliases by running firebase use --add, 
[info] 
[debug] [2026-04-14T12:07:55.248Z] > command requires scopes: ["email","openid","https://www.googleapis.com/auth/cloudplatformprojects.readonly","https://www.googleapis.com/auth/firebase","https://www.googleapis.com/auth/cloud-platform"]
[debug] [2026-04-14T12:07:55.248Z] > authorizing via signed-in user (victorolaolubanjo22@gmail.com)
[debug] [2026-04-14T12:07:55.249Z] Checked if tokens are valid: true, expires at: 1776171923092
[debug] [2026-04-14T12:07:55.249Z] Checked if tokens are valid: true, expires at: 1776171923092
[debug] [2026-04-14T12:07:55.250Z] >>> [apiv2][query] GET https://firebase.googleapis.com/v1beta1/projects/asec-web-app [none]
[debug] [2026-04-14T12:07:55.917Z] <<< [apiv2][status] GET https://firebase.googleapis.com/v1beta1/projects/asec-web-app 200
[debug] [2026-04-14T12:07:55.918Z] <<< [apiv2][body] GET https://firebase.googleapis.com/v1beta1/projects/asec-web-app {"projectId":"asec-web-app","projectNumber":"467874698690","displayName":"asec-web-app","name":"projects/asec-web-app","resources":{"hostingSite":"asec-web-app","realtimeDatabaseInstance":"asec-web-app-default-rtdb"},"state":"ACTIVE","etag":"1_30ab0e1d-34cd-4bfb-812c-8e0adfc2dc96"}
[info] i  Using project asec-web-app (asec-web-app) . 
[info] 
=== Hosting Setup
[info] 
[debug] [2026-04-14T12:08:27.385Z] Checked if tokens are valid: true, expires at: 1776171923092
[debug] [2026-04-14T12:08:27.385Z] Checked if tokens are valid: true, expires at: 1776171923092
[debug] [2026-04-14T12:08:27.386Z] >>> [apiv2][query] GET https://firebase.googleapis.com/v1beta1/projects/asec-web-app [none]
[debug] [2026-04-14T12:08:28.006Z] <<< [apiv2][status] GET https://firebase.googleapis.com/v1beta1/projects/asec-web-app 200
[debug] [2026-04-14T12:08:28.006Z] <<< [apiv2][body] GET https://firebase.googleapis.com/v1beta1/projects/asec-web-app {"projectId":"asec-web-app","projectNumber":"467874698690","displayName":"asec-web-app","name":"projects/asec-web-app","resources":{"hostingSite":"asec-web-app","realtimeDatabaseInstance":"asec-web-app-default-rtdb"},"state":"ACTIVE","etag":"1_30ab0e1d-34cd-4bfb-812c-8e0adfc2dc96"}
[info] 
[info] Your public directory is the folder (relative to your project directory) that
[info] will contain Hosting assets to be uploaded with firebase deploy. If you
[info] have a build process for your assets, use your build's output directory.
[info] 
[info] 
[info] i  Didn't detect a .git folder. Assuming C:\Users\User\Documents\Projects\admin-app is the project root. 
[info] i  Authorizing with GitHub to upload your service account to a GitHub repository's secrets store. 
[info] 
[info] Visit this URL on this device to log in:
[info] https://github.com/login/oauth/authorize?client_id=89cf50f02ac6aaed3484&state=640184795&redirect_uri=http%3A%2F%2Flocalhost%3A9005&scope=read%3Auser%20repo%20public_repo
[info] 
[info] Waiting for authentication...
[debug] [2026-04-14T12:09:18.015Z] >>> [apiv2][query] POST https://github.com/login/oauth/access_token [none]
[debug] [2026-04-14T12:09:18.016Z] >>> [apiv2][body] POST https://github.com/login/oauth/access_token [stream]
[debug] [2026-04-14T12:09:18.660Z] <<< [apiv2][status] POST https://github.com/login/oauth/access_token 200
[debug] [2026-04-14T12:09:18.660Z] <<< [apiv2][body] POST https://github.com/login/oauth/access_token {"access_token":"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","token_type":"bearer","scope":"read:user,repo"}
[debug] [2026-04-14T12:09:18.665Z] >>> [apiv2][query] GET https://api.github.com/user [none]
[debug] [2026-04-14T12:09:19.362Z] <<< [apiv2][status] GET https://api.github.com/user 200
[debug] [2026-04-14T12:09:19.362Z] <<< [apiv2][body] GET https://api.github.com/user {"login":"AntisocialDev","id":54280356,"node_id":"MDQ6VXNlcjU0MjgwMzU2","avatar_url":"https://avatars.githubusercontent.com/u/54280356?v=4","gravatar_id":"","url":"https://api.github.com/users/AntisocialDev","html_url":"https://github.com/AntisocialDev","followers_url":"https://api.github.com/users/AntisocialDev/followers","following_url":"https://api.github.com/users/AntisocialDev/following{/other_user}","gists_url":"https://api.github.com/users/AntisocialDev/gists{/gist_id}","starred_url":"https://api.github.com/users/AntisocialDev/starred{/owner}{/repo}","subscriptions_url":"https://api.github.com/users/AntisocialDev/subscriptions","organizations_url":"https://api.github.com/users/AntisocialDev/orgs","repos_url":"https://api.github.com/users/AntisocialDev/repos","events_url":"https://api.github.com/users/AntisocialDev/events{/privacy}","received_events_url":"https://api.github.com/users/AntisocialDev/received_events","type":"User","user_view_type":"private","site_admin":false,"name":"Banjo Victor","company":null,"blog":"","location":"Canada","email":null,"hireable":null,"bio":"Full-Stack Software Engineer | React | Angular | Node | Express | MongoDB | Building scalable web and mobile applications that solve real-world problems.","twitter_username":null,"notification_email":null,"public_repos":17,"public_gists":0,"followers":0,"following":0,"created_at":"2019-08-19T15:09:12Z","updated_at":"2026-04-10T16:36:39Z","private_gists":0,"total_private_repos":14,"owned_private_repos":14,"disk_usage":442351,"collaborators":4,"two_factor_authentication":true,"plan":{"name":"free","space":976562499,"collaborators":0,"private_repos":10000}}
[info] 
[info] +  Success! Logged into GitHub as AntisocialDev 
[info] 
[debug] [2026-04-14T12:09:27.696Z] >>> [apiv2][query] GET https://api.github.com/repos//actions/secrets/public-key type=owner
[debug] [2026-04-14T12:09:28.344Z] <<< [apiv2][status] GET https://api.github.com/repos//actions/secrets/public-key 404
[debug] [2026-04-14T12:09:28.344Z] <<< [apiv2][body] GET https://api.github.com/repos//actions/secrets/public-key {"message":"Not Found","documentation_url":"https://docs.github.com/rest","status":"404"}
[info] 
[info] 
[error] !  The provided authorization cannot be used with this repository. If this repository is in an organization, did you remember to grant access? 
[info] 
[info] i  Action required: Visit this URL to ensure access has been granted to the appropriate organization(s) for the Firebase CLI GitHub OAuth App: 
[info] https://github.com/settings/connections/applications/89cf50f02ac6aaed3484
[info] 
[debug] [2026-04-14T12:09:48.316Z] >>> [apiv2][query] GET https://api.github.com/repos//actions/secrets/public-key type=owner
[debug] [2026-04-14T12:09:48.899Z] <<< [apiv2][status] GET https://api.github.com/repos//actions/secrets/public-key 404
[debug] [2026-04-14T12:09:48.899Z] <<< [apiv2][body] GET https://api.github.com/repos//actions/secrets/public-key {"message":"Not Found","documentation_url":"https://docs.github.com/rest","status":"404"}
[info] 
[info] 
[error] !  The provided authorization cannot be used with this repository. If this repository is in an organization, did you remember to grant access? 
[info] 
[info] i  Action required: Visit this URL to ensure access has been granted to the appropriate organization(s) for the Firebase CLI GitHub OAuth App: 
[info] https://github.com/settings/connections/applications/89cf50f02ac6aaed3484
[info] 
[debug] [2026-04-14T12:10:21.621Z] >>> [apiv2][query] GET https://api.github.com/repos//actions/secrets/public-key type=owner
[debug] [2026-04-14T12:10:22.209Z] <<< [apiv2][status] GET https://api.github.com/repos//actions/secrets/public-key 404
[debug] [2026-04-14T12:10:22.209Z] <<< [apiv2][body] GET https://api.github.com/repos//actions/secrets/public-key {"message":"Not Found","documentation_url":"https://docs.github.com/rest","status":"404"}
[info] 
[info] 
[error] !  The provided authorization cannot be used with this repository. If this repository is in an organization, did you remember to grant access? 
[info] 
[info] i  Action required: Visit this URL to ensure access has been granted to the appropriate organization(s) for the Firebase CLI GitHub OAuth App: 
[info] https://github.com/settings/connections/applications/89cf50f02ac6aaed3484
[info] 
[debug] [2026-04-14T12:10:26.726Z] ExitPromptError: User force closed the prompt with SIGINT
    at Interface.sigint (C:\Users\User\AppData\Local\nvm\v20.20.1\node_modules\firebase-tools\node_modules\@inquirer\core\dist\commonjs\lib\create-prompt.js:101:37)
    at Interface.emit (node:events:524:28)
    at [_ttyWrite] [as _ttyWrite] (node:internal/readline/interface:1134:18)
    at ReadStream.onkeypress (node:internal/readline/interface:267:20)
    at ReadStream.emit (node:events:536:35)
    at emitKeys (node:internal/readline/utils:371:14)
    at emitKeys.next (<anonymous>)
    at ReadStream.onData (node:internal/readline/emitKeypressEvents:64:36)
    at ReadStream.emit (node:events:524:28)
    at addChunk (node:internal/streams/readable:561:12)
[error] 
[error] Error: An unexpected error has occurred.
